shadow.lpi Note: Added defines -dBorland -dVer150 -dDelphi7 -dCompiler6_Up -dPUREPASCAL in custom options
 Progress: Found all unit files
shadow.dpr(1,16) Note: Added MODE Delphi syntax modifier after unit name.
 : 
 : *** Converting unit files belonging to project/package ***
Unit1.pas Note: Replaced unit "Windows" with "LCLIntf, LCLType, LMessages" in uses section.
Unit1.pas(1,12) Note: Added MODE Delphi syntax modifier after unit name.
firstsetup.pas Note: Replaced unit "Windows" with "LCLIntf, LCLType, LMessages" in uses section.
firstsetup.pas(1,17) Note: Added MODE Delphi syntax modifier after unit name.
hud.pas Note: Replaced unit "Windows" with "LCLIntf, LCLType, LMessages" in uses section.
hud.pas(1,10) Note: Added MODE Delphi syntax modifier after unit name.
 : 
 : *** Fixing used units and Repairing form files ***
Unit1.pas Note: Removed property "TextHeight".
Unit1.pas Note: Removed property "OldCreateOrder".
firstsetup.pas Note: Removed property "TextHeight".
firstsetup.pas Note: Removed property "OldCreateOrder".
hud.pas Note: Removed property "TextHeight".
hud.pas Note: Removed property "OldCreateOrder".
 Progress: Conversion took: 00:00:04
 : Conversion Ready.
